<?xml version="1.0" encoding="UTF-8"?>
<testsuite name="dev.kasse.engine.server.test.entity.TicketEntityTest" time="0.06" tests="3" errors="0" skipped="0" failures="0">
  <properties>
[...]
</properties>
  <testcase name="updateTicket" classname="dev.kasse.engine.server.test.entity.TicketEntityTest" time="0.029"/>
  <testcase name="deleteTicket" classname="dev.kasse.engine.server.test.entity.TicketEntityTest" time="0.019"/>
  <testcase name="insertTicket" classname="dev.kasse.engine.server.test.entity.TicketEntityTest" time="0.012"/>
</testsuite>